Using pre-set license
Built from '2020.3/staging' branch; Version is '2020.3.33f1 (915a7af8b0d5) revision 9525882'; Using compiler version '192528614'; Build Type 'Release'
OS: 'Windows 10  (10.0.17763) 64bit EnterpriseS' Language: 'ru' Physical Memory: 16339 MB
BatchMode: 1, IsHumanControllingUs: 0, StartBugReporterOnCrash: 0, Is64bit: 1, IsPro: 0

COMMAND LINE ARGUMENTS:
C:\Unity\2020.3.33f1\Editor\Unity.exe
-adb2
-batchMode
-noUpm
-name
AssetImportWorker0
-projectPath
D:/proect/jabka-master
-logFile
Logs/AssetImportWorker0.log
-srvPort
52265
Successfully changed project path to: D:/proect/jabka-master
D:/proect/jabka-master
Using Asset Import Pipeline V2.
Refreshing native plugins compatible for Editor in 62.90 ms, found 3 plugins.
Preloading 0 native plugins for Editor in 0.00 ms.
Initialize engine version: 2020.3.33f1 (915a7af8b0d5)
[Subsystems] Discovering subsystems at path C:/Unity/2020.3.33f1/Editor/Data/Resources/UnitySubsystems
[Subsystems] Discovering subsystems at path D:/proect/jabka-master/Assets
GfxDevice: creating device client; threaded=0
Direct3D:
    Version:  Direct3D 11.0 [level 11.0]
    Renderer: NVIDIA GeForce GTX 550 Ti (ID=0x1244)
    Vendor:   
    VRAM:     959 MB
    Driver:   23.21.13.9135
Initialize mono
Mono path[0] = 'C:/Unity/2020.3.33f1/Editor/Data/Managed'
Mono path[1] = 'C:/Unity/2020.3.33f1/Editor/Data/MonoBleedingEdge/lib/mono/unityjit'
Mono config path = 'C:/Unity/2020.3.33f1/Editor/Data/MonoBleedingEdge/etc'
Using monoOptions --debugger-agent=transport=dt_socket,embedding=1,server=y,suspend=n,address=127.0.0.1:56676
Begin MonoManager ReloadAssembly
Registering precompiled unity dll's ...
Register platform support module: C:/Unity/2020.3.33f1/Editor/Data/PlaybackEngines/WindowsStandaloneSupport/UnityEditor.WindowsStandalone.Extensions.dll
Registered in 0.001260 seconds.
Native extension for WindowsStandalone target not found
Refreshing native plugins compatible for Editor in 63.90 ms, found 3 plugins.
Preloading 0 native plugins for Editor in 0.00 ms.
Mono: successfully reloaded assembly
- Completed reload, in  0.766 seconds
Domain Reload Profiling:
	ReloadAssembly (766ms)
		BeginReloadAssembly (75ms)
			ExecutionOrderSort (0ms)
			DisableScriptedObjects (0ms)
			BackupInstance (0ms)
			ReleaseScriptingObjects (0ms)
			CreateAndSetChildDomain (1ms)
		EndReloadAssembly (607ms)
			LoadAssemblies (74ms)
			RebuildTransferFunctionScriptingTraits (0ms)
			SetupTypeCache (216ms)
			ReleaseScriptCaches (0ms)
			RebuildScriptCaches (39ms)
			SetupLoadedEditorAssemblies (228ms)
				LogAssemblyErrors (0ms)
				InitializePlatformSupportModulesInManaged (5ms)
				SetLoadedEditorAssemblies (0ms)
				RefreshPlugins (64ms)
				BeforeProcessingInitializeOnLoad (17ms)
				ProcessInitializeOnLoadAttributes (106ms)
				ProcessInitializeOnLoadMethodAttributes (36ms)
				AfterProcessingInitializeOnLoad (0ms)
				EditorAssembliesLoaded (0ms)
			ExecutionOrderSort2 (0ms)
			AwakeInstancesAfterBackupRestoration (0ms)
Platform modules already initialized, skipping
Registering precompiled user dll's ...
Registered in 0.003012 seconds.
Begin MonoManager ReloadAssembly
Symbol file LoadedFromMemory doesn't match image D:\proect\jabka-master\Library\PackageCache\com.unity.collab-proxy@1.15.15\Lib\Editor\PlasticSCM\unityplastic.dll
Native extension for WindowsStandalone target not found
Refreshing native plugins compatible for Editor in 56.13 ms, found 3 plugins.
Preloading 0 native plugins for Editor in 0.00 ms.
Mono: successfully reloaded assembly
- Completed reload, in  1.476 seconds
Domain Reload Profiling:
	ReloadAssembly (1477ms)
		BeginReloadAssembly (213ms)
			ExecutionOrderSort (0ms)
			DisableScriptedObjects (10ms)
			BackupInstance (0ms)
			ReleaseScriptingObjects (0ms)
			CreateAndSetChildDomain (24ms)
		EndReloadAssembly (1193ms)
			LoadAssemblies (132ms)
			RebuildTransferFunctionScriptingTraits (0ms)
			SetupTypeCache (372ms)
			ReleaseScriptCaches (0ms)
			RebuildScriptCaches (74ms)
			SetupLoadedEditorAssemblies (466ms)
				LogAssemblyErrors (0ms)
				InitializePlatformSupportModulesInManaged (5ms)
				SetLoadedEditorAssemblies (0ms)
				RefreshPlugins (56ms)
				BeforeProcessingInitializeOnLoad (104ms)
				ProcessInitializeOnLoadAttributes (265ms)
				ProcessInitializeOnLoadMethodAttributes (30ms)
				AfterProcessingInitializeOnLoad (5ms)
				EditorAssembliesLoaded (0ms)
			ExecutionOrderSort2 (0ms)
			AwakeInstancesAfterBackupRestoration (8ms)
Platform modules already initialized, skipping
========================================================================
Worker process is ready to serve import requests
Launched and connected shader compiler UnityShaderCompiler.exe after 0.07 seconds
Refreshing native plugins compatible for Editor in 0.76 ms, found 3 plugins.
Preloading 0 native plugins for Editor in 0.00 ms.
Unloading 2238 Unused Serialized files (Serialized files now loaded: 0)
System memory in use before: 99.7 MB.
System memory in use after: 99.8 MB.

Unloading 25 unused Assets to reduce memory usage. Loaded Objects now: 2676.
Total: 7.314800 ms (FindLiveObjects: 0.492900 ms CreateObjectMapping: 0.415400 ms MarkObjects: 6.290500 ms  DeleteObjects: 0.114000 ms)

AssetImportParameters requested are different than current active one (requested -> active):
  custom:framework-win-MediaFoundation: 216162199b28c13a410421893ffa2e32 -> 
  custom:video-decoder-ogg-theora: a1e56fd34408186e4bbccfd4996cb3dc -> 
  custom:container-muxer-webm: aa71ff27fc2769a1b78a27578f13a17b -> 
  custom:container-demuxer-webm: 4f35f7cbe854078d1ac9338744f61a02 -> 
  custom:container-demuxer-ogg: 62fdf1f143b41e24485cea50d1cbac27 -> 
  custom:video-encoder-webm-vp8: eb34c28f22e8b96e1ab97ce403110664 -> 
  custom:video-decoder-webm-vp8: 9c59270c3fd7afecdb556c50c9e8de78 -> 
  custom:audio-decoder-ogg-vorbis: bf7c407c2cedff20999df2af8eb42d56 -> 
  custom:audio-encoder-webm-vorbis: bf7c407c2cedff20999df2af8eb42d56 -> 
========================================================================
Received Import Request.
  path: Assets/Animations/Checkpoint/CheckpointController.controller
  artifactKey: Guid(6f48e60988f07c04ba961cdb79f901bb) Importer(815301076,1909f56bfc062723c751e8b465ee728b)
Start importing Assets/Animations/Checkpoint/CheckpointController.controller using Guid(6f48e60988f07c04ba961cdb79f901bb) Importer(815301076,1909f56bfc062723c751e8b465ee728b)  -> (artifact id: '8427cec7387fd07ec5c0ab7edbf56e8f') in 0.085562 seconds 
========================================================================
Received Import Request.
  Time since last request: 0.000455 seconds.
  path: Assets/Animations/Checkpoint/appear.anim
  artifactKey: Guid(343859d7972e963478ce1e8168717a97) Importer(815301076,1909f56bfc062723c751e8b465ee728b)
Start importing Assets/Animations/Checkpoint/appear.anim using Guid(343859d7972e963478ce1e8168717a97) Importer(815301076,1909f56bfc062723c751e8b465ee728b)  -> (artifact id: 'd9df97d0939a9cae32ca249345f26e3d') in 0.015096 seconds 
========================================================================
Received Import Request.
  Time since last request: 0.000239 seconds.
  path: Assets/Animations/Checkpoint
  artifactKey: Guid(3318497d4f89aac4c9e305ec59e04434) Importer(815301076,1909f56bfc062723c751e8b465ee728b)
Start importing Assets/Animations/Checkpoint using Guid(3318497d4f89aac4c9e305ec59e04434) Importer(815301076,1909f56bfc062723c751e8b465ee728b)  -> (artifact id: 'e98c0546aa527d4b7205e4a19ddd1b81') in 0.024102 seconds 
========================================================================
Received Import Request.
  Time since last request: 0.072296 seconds.
  path: Assets/Animations/Checkpoint/idle.anim
  artifactKey: Guid(1107c82c52b594247b06f1e07630d710) Importer(815301076,1909f56bfc062723c751e8b465ee728b)
Start importing Assets/Animations/Checkpoint/idle.anim using Guid(1107c82c52b594247b06f1e07630d710) Importer(815301076,1909f56bfc062723c751e8b465ee728b)  -> (artifact id: 'afa9caacd438ec5ee011521350b94c65') in 0.020372 seconds 
========================================================================
Received Import Request.
  Time since last request: 3.555754 seconds.
  path: Assets/Animations/Checkpoint/no_flag.anim
  artifactKey: Guid(4dfcb28c85f7367489ee307c8aa77431) Importer(815301076,1909f56bfc062723c751e8b465ee728b)
Start importing Assets/Animations/Checkpoint/no_flag.anim using Guid(4dfcb28c85f7367489ee307c8aa77431) Importer(815301076,1909f56bfc062723c751e8b465ee728b)  -> (artifact id: '6eb373652eadb69d14d6bdfb8a8d8997') in 0.021000 seconds 
========================================================================
Received Import Request.
  Time since last request: 2.343230 seconds.
  path: Assets/Animations/Player/Player.controller
  artifactKey: Guid(30780b5e3586e4345b4938227b8970be) Importer(815301076,1909f56bfc062723c751e8b465ee728b)
Start importing Assets/Animations/Player/Player.controller using Guid(30780b5e3586e4345b4938227b8970be) Importer(815301076,1909f56bfc062723c751e8b465ee728b)  -> (artifact id: '5d1b84484bc1a7b7ad88ccfaee7bf17c') in 0.024341 seconds 
========================================================================
Received Import Request.
  Time since last request: 128.580028 seconds.
  path: Assets/Animations/Player/DoubleJump.anim
  artifactKey: Guid(201e551dc5a75cb4cb2794511225ea4f) Importer(815301076,1909f56bfc062723c751e8b465ee728b)
Start importing Assets/Animations/Player/DoubleJump.anim using Guid(201e551dc5a75cb4cb2794511225ea4f) Importer(815301076,1909f56bfc062723c751e8b465ee728b)  -> (artifact id: 'fb2fbd54c6a9c5c8c1472528ab8a18ef') in 0.021104 seconds 
========================================================================
Received Import Request.
  Time since last request: 8.374522 seconds.
  path: Assets/Animations/Traps/Firetrap
  artifactKey: Guid(114f27d0039091446a1b443cdfd041ef) Importer(815301076,1909f56bfc062723c751e8b465ee728b)
Start importing Assets/Animations/Traps/Firetrap using Guid(114f27d0039091446a1b443cdfd041ef) Importer(815301076,1909f56bfc062723c751e8b465ee728b)  -> (artifact id: '13bd36115f144bce81be84da8e7c02d6') in 0.014293 seconds 
========================================================================
Received Import Request.
  Time since last request: 1.625173 seconds.
  path: Assets/Animations/Traps/Firetrap/Firetrap.controller
  artifactKey: Guid(c6e66bcfb6cf63f478b6410b073a1311) Importer(815301076,1909f56bfc062723c751e8b465ee728b)
Start importing Assets/Animations/Traps/Firetrap/Firetrap.controller using Guid(c6e66bcfb6cf63f478b6410b073a1311) Importer(815301076,1909f56bfc062723c751e8b465ee728b)  -> (artifact id: '44f8e5f5477b2190ba318862e2042417') in 0.012149 seconds 
========================================================================
Received Import Request.
  Time since last request: 0.493440 seconds.
  path: Assets/Animations/Traps/Firetrap/Idle.anim
  artifactKey: Guid(723002d84f02896449f3580b51c9b684) Importer(815301076,1909f56bfc062723c751e8b465ee728b)
Start importing Assets/Animations/Traps/Firetrap/Idle.anim using Guid(723002d84f02896449f3580b51c9b684) Importer(815301076,1909f56bfc062723c751e8b465ee728b)  -> (artifact id: 'b312fb03b1d45de1024a90a6473935d2') in 0.019062 seconds 
========================================================================
Received Import Request.
  Time since last request: 0.517172 seconds.
  path: Assets/Animations/Traps/Firetrap/Active.anim
  artifactKey: Guid(f69835629ee24ea4c951c2bbcd2c260c) Importer(815301076,1909f56bfc062723c751e8b465ee728b)
Start importing Assets/Animations/Traps/Firetrap/Active.anim using Guid(f69835629ee24ea4c951c2bbcd2c260c) Importer(815301076,1909f56bfc062723c751e8b465ee728b)  -> (artifact id: '782673e68b6c4f5a89b29270552abafa') in 0.020800 seconds 
========================================================================
Received Import Request.
  Time since last request: 9.733142 seconds.
  path: Assets/Animations/Traps/Saw/Rotation.anim
  artifactKey: Guid(f7dc84880e39579498d9b0fd3b469da5) Importer(815301076,1909f56bfc062723c751e8b465ee728b)
Start importing Assets/Animations/Traps/Saw/Rotation.anim using Guid(f7dc84880e39579498d9b0fd3b469da5) Importer(815301076,1909f56bfc062723c751e8b465ee728b)  -> (artifact id: '8bf807e944ced0751953d6ba86eb9093') in 0.019061 seconds 
========================================================================
Received Import Request.
  Time since last request: 0.440617 seconds.
  path: Assets/Animations/Traps/Saw/Off.anim
  artifactKey: Guid(9f91db02bb5e66d47ac21e122d893147) Importer(815301076,1909f56bfc062723c751e8b465ee728b)
Start importing Assets/Animations/Traps/Saw/Off.anim using Guid(9f91db02bb5e66d47ac21e122d893147) Importer(815301076,1909f56bfc062723c751e8b465ee728b)  -> (artifact id: 'ce4575975dcba5f4fa58c11282b08f81') in 0.017974 seconds 
========================================================================
Received Import Request.
  Time since last request: 0.319202 seconds.
  path: Assets/Animations/Traps/Saw/SawController.controller
  artifactKey: Guid(a1ca333a4f4daf747acd25480bc5aa1d) Importer(815301076,1909f56bfc062723c751e8b465ee728b)
Start importing Assets/Animations/Traps/Saw/SawController.controller using Guid(a1ca333a4f4daf747acd25480bc5aa1d) Importer(815301076,1909f56bfc062723c751e8b465ee728b)  -> (artifact id: 'b73e5a85fd42ab47e5cc990c49a667d6') in 0.018695 seconds 
